<?xml version="1.0" encoding="UTF-8"?>
<!-- Generated by org.testng.reporters.JUnitXMLReporter -->
<testsuite hostname="AmitB-DellXPS" name="Search on FF" tests="3" failures="1" timestamp="25 Jul 2016 06:02:16 GMT" time="55.632" errors="0">
  <testcase name="TestOrganicSearch" time="13.571" classname="testing.msn.homepage.MSNTestClass"/>
  <testcase name="TestOrganicSearch" time="10.691" classname="testing.msn.homepage.MSNTestClass"/>
  <testcase name="TestOrganicSearch" time="7.506" classname="testing.msn.homepage.MSNTestClass">
    <failure type="org.openqa.selenium.WebDriverException" message="Element is not clickable at point (979.36669921875, 33.80000305175781). Other element would receive the click: &amp;lt;div style=&amp;quot;display: block;&amp;quot; class=&amp;quot;promobanner win10promo popup &amp;quot; data-aop=&amp;quot;win10promo_win10promo&amp;quot; data-module-id=&amp;quot;startpage|modulescontainer|modulescontainer|win10promo|win10promo&amp;quot; data-id=&amp;quot;15&amp;quot; data-m=&amp;quot;{&amp;amp;quot;i&amp;amp;quot;:15,&amp;amp;quot;n&amp;amp;quot;:&amp;amp;quot;win10promo&amp;amp;quot;,&amp;amp;quot;t&amp;amp;quot;:&amp;amp;quot;win10promo&amp;amp;quot;}&amp;quot; data-trackingparam=&amp;quot;msn.1&amp;quot;&amp;gt;&amp;lt;/div&amp;gt;
Command duration or timeout: 99 milliseconds
Build info: version: &amp;apos;2.53.1&amp;apos;, revision: &amp;apos;a36b8b1&amp;apos;, time: &amp;apos;2016-06-30 17:37:03&amp;apos;
System info: host: &amp;apos;AmitB-DellXPS&amp;apos;, ip: &amp;apos;192.168.1.80&amp;apos;, os.name: &amp;apos;Windows 8.1&amp;apos;, os.arch: &amp;apos;amd64&amp;apos;, os.version: &amp;apos;6.3&amp;apos;, java.version: &amp;apos;1.8.0_91&amp;apos;
Driver info: org.openqa.selenium.firefox.FirefoxDriver
Capabilities [{applicationCacheEnabled=true, rotatable=false, handlesAlerts=true, databaseEnabled=true, version=47.0.1, platform=WINDOWS, nativeEvents=false, acceptSslCerts=true, webStorageEnabled=true, locationContextEnabled=true, browserName=firefox, takesScreenshot=true, javascriptEnabled=true, cssSelectorsEnabled=true}]
Session ID: ae31a205-cdf3-44d4-913b-d2accfcb0d35
Command duration or timeout: 656 milliseconds
Build info: version: &amp;apos;2.53.1&amp;apos;, revision: &amp;apos;a36b8b1&amp;apos;, time: &amp;apos;2016-06-30 17:32:46&amp;apos;
System info: host: &amp;apos;AmitB-DellXPS&amp;apos;, ip: &amp;apos;192.168.1.80&amp;apos;, os.name: &amp;apos;Windows 8.1&amp;apos;, os.arch: &amp;apos;amd64&amp;apos;, os.version: &amp;apos;6.3&amp;apos;, java.version: &amp;apos;1.8.0_91&amp;apos;
Driver info: org.openqa.selenium.remote.RemoteWebDriver
Capabilities [{applicationCacheEnabled=true, rotatable=false, handlesAlerts=true, databaseEnabled=true, version=47.0.1, platform=WINDOWS, nativeEvents=false, acceptSslCerts=true, webdriver.remote.sessionid=01d8dc64-2239-4a15-809a-b5dd0da5026f, webStorageEnabled=true, locationContextEnabled=true, browserName=firefox, takesScreenshot=true, javascriptEnabled=true, cssSelectorsEnabled=true}]
Session ID: 01d8dc64-2239-4a15-809a-b5dd0da5026f">
      <![CDATA[org.openqa.selenium.WebDriverException: Element is not clickable at point (979.36669921875, 33.80000305175781). Other element would receive the click: <div style="display: block;" class="promobanner win10promo popup " data-aop="win10promo_win10promo" data-module-id="startpage|modulescontainer|modulescontainer|win10promo|win10promo" data-id="15" data-m="{&quot;i&quot;:15,&quot;n&quot;:&quot;win10promo&quot;,&quot;t&quot;:&quot;win10promo&quot;}" data-trackingparam="msn.1"></div>
Command duration or timeout: 99 milliseconds
Build info: version: '2.53.1', revision: 'a36b8b1', time: '2016-06-30 17:37:03'
System info: host: 'AmitB-DellXPS', ip: '192.168.1.80', os.name: 'Windows 8.1', os.arch: 'amd64', os.version: '6.3', java.version: '1.8.0_91'
Driver info: org.openqa.selenium.firefox.FirefoxDriver
Capabilities [{applicationCacheEnabled=true, rotatable=false, handlesAlerts=true, databaseEnabled=true, version=47.0.1, platform=WINDOWS, nativeEvents=false, acceptSslCerts=true, webStorageEnabled=true, locationContextEnabled=true, browserName=firefox, takesScreenshot=true, javascriptEnabled=true, cssSelectorsEnabled=true}]
Session ID: ae31a205-cdf3-44d4-913b-d2accfcb0d35
Command duration or timeout: 656 milliseconds
Build info: version: '2.53.1', revision: 'a36b8b1', time: '2016-06-30 17:32:46'
System info: host: 'AmitB-DellXPS', ip: '192.168.1.80', os.name: 'Windows 8.1', os.arch: 'amd64', os.version: '6.3', java.version: '1.8.0_91'
Driver info: org.openqa.selenium.remote.RemoteWebDriver
Capabilities [{applicationCacheEnabled=true, rotatable=false, handlesAlerts=true, databaseEnabled=true, version=47.0.1, platform=WINDOWS, nativeEvents=false, acceptSslCerts=true, webdriver.remote.sessionid=01d8dc64-2239-4a15-809a-b5dd0da5026f, webStorageEnabled=true, locationContextEnabled=true, browserName=firefox, takesScreenshot=true, javascriptEnabled=true, cssSelectorsEnabled=true}]
Session ID: 01d8dc64-2239-4a15-809a-b5dd0da5026f
	at org.openqa.selenium.remote.ErrorHandler.createThrowable(ErrorHandler.java:206)
	at org.openqa.selenium.remote.ErrorHandler.throwIfResponseFailed(ErrorHandler.java:158)
	at org.openqa.selenium.remote.RemoteWebDriver.execute(RemoteWebDriver.java:678)
	at org.openqa.selenium.remote.RemoteWebElement.execute(RemoteWebElement.java:327)
	at org.openqa.selenium.remote.RemoteWebElement.click(RemoteWebElement.java:85)
	at testing.msn.homepage.HomepageElements.clickSearchButton(HomepageElements.java:53)
	at testing.msn.homepage.MSNTestClass.TestOrganicSearch(MSNTestClass.java:69)
	at java.util.concurrent.FutureTask.run(Unknown Source)
	at java.util.concurrent.ThreadPoolExecutor.runWorker(Unknown Source)
	at java.util.concurrent.ThreadPoolExecutor$Worker.run(Unknown Source)
	at java.lang.Thread.run(Unknown Source)
Caused by: org.openqa.selenium.remote.ScreenshotException: Screen shot has been taken
Build info: version: '2.53.1', revision: 'a36b8b1', time: '2016-06-30 17:32:46'
System info: host: 'AmitB-DellXPS', ip: '192.168.1.80', os.name: 'Windows 8.1', os.arch: 'amd64', os.version: '6.3', java.version: '1.8.0_91'
Driver info: driver.version: RemoteWebDriver
	at org.openqa.selenium.remote.ErrorHandler.throwIfResponseFailed(ErrorHandler.java:138)
	... 25 more
Caused by: org.openqa.selenium.WebDriverException: Element is not clickable at point (979.36669921875, 33.80000305175781). Other element would receive the click: <div style="display: block;" class="promobanner win10promo popup " data-aop="win10promo_win10promo" data-module-id="startpage|modulescontainer|modulescontainer|win10promo|win10promo" data-id="15" data-m="{&quot;i&quot;:15,&quot;n&quot;:&quot;win10promo&quot;,&quot;t&quot;:&quot;win10promo&quot;}" data-trackingparam="msn.1"></div>
Command duration or timeout: 99 milliseconds
Build info: version: '2.53.1', revision: 'a36b8b1', time: '2016-06-30 17:37:03'
System info: host: 'AmitB-DellXPS', ip: '192.168.1.80', os.name: 'Windows 8.1', os.arch: 'amd64', os.version: '6.3', java.version: '1.8.0_91'
Driver info: org.openqa.selenium.firefox.FirefoxDriver
Capabilities [{applicationCacheEnabled=true, rotatable=false, handlesAlerts=true, databaseEnabled=true, version=47.0.1, platform=WINDOWS, nativeEvents=false, acceptSslCerts=true, webStorageEnabled=true, locationContextEnabled=true, browserName=firefox, takesScreenshot=true, javascriptEnabled=true, cssSelectorsEnabled=true}]
Session ID: ae31a205-cdf3-44d4-913b-d2accfcb0d35
Build info: version: '2.53.1', revision: 'a36b8b1', time: '2016-06-30 17:32:46'
System info: host: 'AmitB-DellXPS', ip: '192.168.1.80', os.name: 'Windows 8.1', os.arch: 'amd64', os.version: '6.3', java.version: '1.8.0_91'
Driver info: driver.version: RemoteWebDriver
	at org.openqa.selenium.remote.ErrorHandler.createThrowable(ErrorHandler.java:206)
	at org.openqa.selenium.remote.ErrorHandler.throwIfResponseFailed(ErrorHandler.java:158)
	at org.openqa.selenium.remote.RemoteWebDriver.execute(RemoteWebDriver.java:678)
	at org.openqa.selenium.remote.RemoteWebElement.execute(RemoteWebElement.java:327)
	at org.openqa.selenium.remote.RemoteWebElement.click(RemoteWebElement.java:85)
	at org.openqa.selenium.support.events.EventFiringWebDriver$EventFiringWebElement$1.invoke(EventFiringWebDriver.java:335)
	at com.sun.proxy.$Proxy2.click(Unknown Source)
	at org.openqa.selenium.support.events.EventFiringWebDriver$EventFiringWebElement.click(EventFiringWebDriver.java:348)
	at org.openqa.selenium.remote.server.KnownElements$1.invoke(KnownElements.java:64)
	at com.sun.proxy.$Proxy3.click(Unknown Source)
	at org.openqa.selenium.remote.server.handler.ClickElement.call(ClickElement.java:30)
	at org.openqa.selenium.remote.server.handler.ClickElement.call(ClickElement.java:1)
	at java.util.concurrent.FutureTask.run(Unknown Source)
	at org.openqa.selenium.remote.server.DefaultSession$1.run(DefaultSession.java:176)
	... 3 more
... Removed 29 stack frames]]>
    </failure>
  </testcase> <!-- TestOrganicSearch -->
</testsuite> <!-- Search on FF -->
